

Started GET "/test" for 127.0.0.1 at 2014-01-18 17:55:22 +0400

ActionController::RoutingError (No route matches [GET] "/test"):
  actionpack (4.0.2) lib/action_dispatch/middleware/debug_exceptions.rb:21:in `call'
  actionpack (4.0.2) lib/action_dispatch/middleware/show_exceptions.rb:30:in `call'
  railties (4.0.2) lib/rails/rack/logger.rb:38:in `call_app'
  railties (4.0.2) lib/rails/rack/logger.rb:20:in `block in call'
  activesupport (4.0.2) lib/active_support/tagged_logging.rb:67:in `block in tagged'
  activesupport (4.0.2) lib/active_support/tagged_logging.rb:25:in `tagged'
  activesupport (4.0.2) lib/active_support/tagged_logging.rb:67:in `tagged'
  railties (4.0.2) lib/rails/rack/logger.rb:20:in `call'
  actionpack (4.0.2) lib/action_dispatch/middleware/request_id.rb:21:in `call'
  rack (1.5.2) lib/rack/methodoverride.rb:21:in `call'
  rack (1.5.2) lib/rack/runtime.rb:17:in `call'
  activesupport (4.0.2) lib/active_support/cache/strategy/local_cache.rb:83:in `call'
  rack (1.5.2) lib/rack/lock.rb:17:in `call'
  actionpack (4.0.2) lib/action_dispatch/middleware/static.rb:64:in `call'
  rack (1.5.2) lib/rack/sendfile.rb:112:in `call'
  railties (4.0.2) lib/rails/engine.rb:511:in `call'
  railties (4.0.2) lib/rails/application.rb:97:in `call'
  railties (4.0.2) lib/rails/railtie/configurable.rb:30:in `method_missing'
  rack-test (0.6.2) lib/rack/mock_session.rb:30:in `request'
  rack-test (0.6.2) lib/rack/test.rb:230:in `process_request'
  rack-test (0.6.2) lib/rack/test.rb:57:in `get'
  /home/alexiss/.rbenv/versions/2.0.0-p353/lib/ruby/2.0.0/forwardable.rb:171:in `get'
  capybara (2.2.1) lib/capybara/rack_test/browser.rb:60:in `process'
  capybara (2.2.1) lib/capybara/rack_test/browser.rb:35:in `process_and_follow_redirects'
  capybara (2.2.1) lib/capybara/rack_test/browser.rb:21:in `visit'
  capybara (2.2.1) lib/capybara/rack_test/driver.rb:42:in `visit'
  capybara (2.2.1) lib/capybara/session.rb:197:in `visit'
  capybara (2.2.1) lib/capybara/dsl.rb:51:in `block (2 levels) in <module:DSL>'
  spec/integration_spec.rb:44:in `render'
  spec/integration/text_container_spec.rb:6:in `block (3 levels) in <top (required)>'
  rspec-core (2.14.7) lib/rspec/core/example.rb:114:in `instance_eval'
  rspec-core (2.14.7) lib/rspec/core/example.rb:114:in `block in run'
  rspec-core (2.14.7) lib/rspec/core/example.rb:254:in `with_around_each_hooks'
  rspec-core (2.14.7) lib/rspec/core/example.rb:111:in `run'
  rspec-core (2.14.7) lib/rspec/core/example_group.rb:390:in `block in run_examples'
  rspec-core (2.14.7) lib/rspec/core/example_group.rb:386:in `map'
  rspec-core (2.14.7) lib/rspec/core/example_group.rb:386:in `run_examples'
  rspec-core (2.14.7) lib/rspec/core/example_group.rb:371:in `run'
  rspec-core (2.14.7) lib/rspec/core/example_group.rb:372:in `block in run'
  rspec-core (2.14.7) lib/rspec/core/example_group.rb:372:in `map'
  rspec-core (2.14.7) lib/rspec/core/example_group.rb:372:in `run'
  rspec-core (2.14.7) lib/rspec/core/example_group.rb:372:in `block in run'
  rspec-core (2.14.7) lib/rspec/core/example_group.rb:372:in `map'
  rspec-core (2.14.7) lib/rspec/core/example_group.rb:372:in `run'
  rspec-core (2.14.7) lib/rspec/core/command_line.rb:28:in `block (2 levels) in run'
  rspec-core (2.14.7) lib/rspec/core/command_line.rb:28:in `map'
  rspec-core (2.14.7) lib/rspec/core/command_line.rb:28:in `block in run'
  rspec-core (2.14.7) lib/rspec/core/reporter.rb:58:in `report'
  rspec-core (2.14.7) lib/rspec/core/command_line.rb:25:in `run'
  rspec-core (2.14.7) lib/rspec/core/runner.rb:80:in `run'
  rspec-core (2.14.7) lib/rspec/core/runner.rb:17:in `block in autorun'




Started GET "/test" for 127.0.0.1 at 2014-01-18 18:22:38 +0400

ActionController::RoutingError (No route matches [GET] "/test"):
  actionpack (4.0.2) lib/action_dispatch/middleware/debug_exceptions.rb:21:in `call'
  actionpack (4.0.2) lib/action_dispatch/middleware/show_exceptions.rb:30:in `call'
  railties (4.0.2) lib/rails/rack/logger.rb:38:in `call_app'
  railties (4.0.2) lib/rails/rack/logger.rb:20:in `block in call'
  activesupport (4.0.2) lib/active_support/tagged_logging.rb:67:in `block in tagged'
  activesupport (4.0.2) lib/active_support/tagged_logging.rb:25:in `tagged'
  activesupport (4.0.2) lib/active_support/tagged_logging.rb:67:in `tagged'
  railties (4.0.2) lib/rails/rack/logger.rb:20:in `call'
  actionpack (4.0.2) lib/action_dispatch/middleware/request_id.rb:21:in `call'
  rack (1.5.2) lib/rack/methodoverride.rb:21:in `call'
  rack (1.5.2) lib/rack/runtime.rb:17:in `call'
  activesupport (4.0.2) lib/active_support/cache/strategy/local_cache.rb:83:in `call'
  rack (1.5.2) lib/rack/lock.rb:17:in `call'
  actionpack (4.0.2) lib/action_dispatch/middleware/static.rb:64:in `call'
  rack (1.5.2) lib/rack/sendfile.rb:112:in `call'
  railties (4.0.2) lib/rails/engine.rb:511:in `call'
  railties (4.0.2) lib/rails/application.rb:97:in `call'
  railties (4.0.2) lib/rails/railtie/configurable.rb:30:in `method_missing'
  rack-test (0.6.2) lib/rack/mock_session.rb:30:in `request'
  rack-test (0.6.2) lib/rack/test.rb:230:in `process_request'
  rack-test (0.6.2) lib/rack/test.rb:57:in `get'
  /home/alexiss/.rbenv/versions/2.0.0-p353/lib/ruby/2.0.0/forwardable.rb:171:in `get'
  capybara (2.2.1) lib/capybara/rack_test/browser.rb:60:in `process'
  capybara (2.2.1) lib/capybara/rack_test/browser.rb:35:in `process_and_follow_redirects'
  capybara (2.2.1) lib/capybara/rack_test/browser.rb:21:in `visit'
  capybara (2.2.1) lib/capybara/rack_test/driver.rb:42:in `visit'
  capybara (2.2.1) lib/capybara/session.rb:197:in `visit'
  capybara (2.2.1) lib/capybara/dsl.rb:51:in `block (2 levels) in <module:DSL>'
  spec/integration_spec.rb:44:in `render'
  spec/integration/text_container_spec.rb:6:in `block (3 levels) in <top (required)>'
  rspec-core (2.14.7) lib/rspec/core/example.rb:114:in `instance_eval'
  rspec-core (2.14.7) lib/rspec/core/example.rb:114:in `block in run'
  rspec-core (2.14.7) lib/rspec/core/example.rb:254:in `with_around_each_hooks'
  rspec-core (2.14.7) lib/rspec/core/example.rb:111:in `run'
  rspec-core (2.14.7) lib/rspec/core/example_group.rb:390:in `block in run_examples'
  rspec-core (2.14.7) lib/rspec/core/example_group.rb:386:in `map'
  rspec-core (2.14.7) lib/rspec/core/example_group.rb:386:in `run_examples'
  rspec-core (2.14.7) lib/rspec/core/example_group.rb:371:in `run'
  rspec-core (2.14.7) lib/rspec/core/example_group.rb:372:in `block in run'
  rspec-core (2.14.7) lib/rspec/core/example_group.rb:372:in `map'
  rspec-core (2.14.7) lib/rspec/core/example_group.rb:372:in `run'
  rspec-core (2.14.7) lib/rspec/core/example_group.rb:372:in `block in run'
  rspec-core (2.14.7) lib/rspec/core/example_group.rb:372:in `map'
  rspec-core (2.14.7) lib/rspec/core/example_group.rb:372:in `run'
  rspec-core (2.14.7) lib/rspec/core/command_line.rb:28:in `block (2 levels) in run'
  rspec-core (2.14.7) lib/rspec/core/command_line.rb:28:in `map'
  rspec-core (2.14.7) lib/rspec/core/command_line.rb:28:in `block in run'
  rspec-core (2.14.7) lib/rspec/core/reporter.rb:58:in `report'
  rspec-core (2.14.7) lib/rspec/core/command_line.rb:25:in `run'
  rspec-core (2.14.7) lib/rspec/core/runner.rb:80:in `run'
  rspec-core (2.14.7) lib/rspec/core/runner.rb:17:in `block in autorun'




Started GET "/test" for 127.0.0.1 at 2014-01-18 18:23:13 +0400

ActionController::RoutingError (No route matches [GET] "/test"):
  actionpack (4.0.2) lib/action_dispatch/middleware/debug_exceptions.rb:21:in `call'
  actionpack (4.0.2) lib/action_dispatch/middleware/show_exceptions.rb:30:in `call'
  railties (4.0.2) lib/rails/rack/logger.rb:38:in `call_app'
  railties (4.0.2) lib/rails/rack/logger.rb:20:in `block in call'
  activesupport (4.0.2) lib/active_support/tagged_logging.rb:67:in `block in tagged'
  activesupport (4.0.2) lib/active_support/tagged_logging.rb:25:in `tagged'
  activesupport (4.0.2) lib/active_support/tagged_logging.rb:67:in `tagged'
  railties (4.0.2) lib/rails/rack/logger.rb:20:in `call'
  actionpack (4.0.2) lib/action_dispatch/middleware/request_id.rb:21:in `call'
  rack (1.5.2) lib/rack/methodoverride.rb:21:in `call'
  rack (1.5.2) lib/rack/runtime.rb:17:in `call'
  activesupport (4.0.2) lib/active_support/cache/strategy/local_cache.rb:83:in `call'
  rack (1.5.2) lib/rack/lock.rb:17:in `call'
  actionpack (4.0.2) lib/action_dispatch/middleware/static.rb:64:in `call'
  rack (1.5.2) lib/rack/sendfile.rb:112:in `call'
  railties (4.0.2) lib/rails/engine.rb:511:in `call'
  railties (4.0.2) lib/rails/application.rb:97:in `call'
  railties (4.0.2) lib/rails/railtie/configurable.rb:30:in `method_missing'
  rack-test (0.6.2) lib/rack/mock_session.rb:30:in `request'
  rack-test (0.6.2) lib/rack/test.rb:230:in `process_request'
  rack-test (0.6.2) lib/rack/test.rb:57:in `get'
  /home/alexiss/.rbenv/versions/2.0.0-p353/lib/ruby/2.0.0/forwardable.rb:171:in `get'
  capybara (2.2.1) lib/capybara/rack_test/browser.rb:60:in `process'
  capybara (2.2.1) lib/capybara/rack_test/browser.rb:35:in `process_and_follow_redirects'
  capybara (2.2.1) lib/capybara/rack_test/browser.rb:21:in `visit'
  capybara (2.2.1) lib/capybara/rack_test/driver.rb:42:in `visit'
  capybara (2.2.1) lib/capybara/session.rb:197:in `visit'
  capybara (2.2.1) lib/capybara/dsl.rb:51:in `block (2 levels) in <module:DSL>'
  spec/integration_spec.rb:44:in `render'
  spec/integration/text_container_spec.rb:6:in `block (3 levels) in <top (required)>'
  rspec-core (2.14.7) lib/rspec/core/example.rb:114:in `instance_eval'
  rspec-core (2.14.7) lib/rspec/core/example.rb:114:in `block in run'
  rspec-core (2.14.7) lib/rspec/core/example.rb:254:in `with_around_each_hooks'
  rspec-core (2.14.7) lib/rspec/core/example.rb:111:in `run'
  rspec-core (2.14.7) lib/rspec/core/example_group.rb:390:in `block in run_examples'
  rspec-core (2.14.7) lib/rspec/core/example_group.rb:386:in `map'
  rspec-core (2.14.7) lib/rspec/core/example_group.rb:386:in `run_examples'
  rspec-core (2.14.7) lib/rspec/core/example_group.rb:371:in `run'
  rspec-core (2.14.7) lib/rspec/core/example_group.rb:372:in `block in run'
  rspec-core (2.14.7) lib/rspec/core/example_group.rb:372:in `map'
  rspec-core (2.14.7) lib/rspec/core/example_group.rb:372:in `run'
  rspec-core (2.14.7) lib/rspec/core/example_group.rb:372:in `block in run'
  rspec-core (2.14.7) lib/rspec/core/example_group.rb:372:in `map'
  rspec-core (2.14.7) lib/rspec/core/example_group.rb:372:in `run'
  rspec-core (2.14.7) lib/rspec/core/command_line.rb:28:in `block (2 levels) in run'
  rspec-core (2.14.7) lib/rspec/core/command_line.rb:28:in `map'
  rspec-core (2.14.7) lib/rspec/core/command_line.rb:28:in `block in run'
  rspec-core (2.14.7) lib/rspec/core/reporter.rb:58:in `report'
  rspec-core (2.14.7) lib/rspec/core/command_line.rb:25:in `run'
  rspec-core (2.14.7) lib/rspec/core/runner.rb:80:in `run'
  rspec-core (2.14.7) lib/rspec/core/runner.rb:17:in `block in autorun'


